This is pdfTeX, Version 3.14159265-2.6-1.40.17 (TeX Live 2016) (preloaded format=pdflatex 2016.5.22)  23 JAN 2020 17:35
entering extended mode
 restricted \write18 enabled.
 %&-line parsing enabled.
**paper.tex
(./paper.tex
LaTeX2e <2016/03/31>
Babel <3.9r> and hyphenation patterns for 83 language(s) loaded.
(./geophysics.cls
Document Class: geophysics 2004/11/08 v2.0 Geophysics paper
(/usr/local/texlive/2016/texmf-dist/tex/latex/base/ifthen.sty
Package: ifthen 2014/09/29 v1.1c Standard LaTeX ifthen package (DPC)
)
(/usr/local/texlive/2016/texmf-dist/tex/latex/base/article.cls
Document Class: article 2014/09/29 v1.4h Standard LaTeX document class
(/usr/local/texlive/2016/texmf-dist/tex/latex/base/size11.clo
File: size11.clo 2014/09/29 v1.4h Standard LaTeX file (size option)
)
\c@part=\count79
\c@section=\count80
\c@subsection=\count81
\c@subsubsection=\count82
\c@paragraph=\count83
\c@subparagraph=\count84
\c@figure=\count85
\c@table=\count86
\abovecaptionskip=\skip41
\belowcaptionskip=\skip42
\bibindent=\dimen102
) (./seg.sty
(/usr/local/texlive/2016/texmf-dist/tex/latex/tools/verbatim.sty
Package: verbatim 2014/10/28 v1.5q LaTeX2e package for verbatim enhancements
\every@verbatim=\toks14
\verbatim@line=\toks15
\verbatim@in@stream=\read1
)
(/usr/local/texlive/2016/texmf-dist/tex/latex/moreverb/moreverb.sty
Package: moreverb 2008/06/03 v2.3a `more' verbatim facilities
\tab@position=\count87
\tab@size=\count88
\listing@line=\count89
))
(/usr/local/texlive/2016/texmf-dist/tex/latex/graphics/color.sty
Package: color 2016/05/09 v1.1c Standard LaTeX Color (DPC)

(/usr/local/texlive/2016/texmf-dist/tex/latex/graphics-cfg/color.cfg
File: color.cfg 2016/01/02 v1.6 sample color configuration
)
Package color Info: Driver file: pdftex.def on input line 144.

(/usr/local/texlive/2016/texmf-dist/tex/latex/pdftex-def/pdftex.def
File: pdftex.def 2011/05/27 v0.06d Graphics/color for pdfTeX

(/usr/local/texlive/2016/texmf-dist/tex/generic/oberdiek/infwarerr.sty
Package: infwarerr 2016/05/16 v1.4 Providing info/warning/error messages (HO)
)
(/usr/local/texlive/2016/texmf-dist/tex/generic/oberdiek/ltxcmds.sty
Package: ltxcmds 2016/05/16 v1.23 LaTeX kernel commands for general use (HO)
)
\Gread@gobject=\count90
))
(/usr/local/texlive/2016/texmf-dist/tex/generic/ulem/ulem.sty
\UL@box=\box26
\UL@hyphenbox=\box27
\UL@skip=\skip43
\UL@hook=\toks16
\UL@height=\dimen103
\UL@pe=\count91
\UL@pixel=\dimen104
\ULC@box=\box28
Package: ulem 2012/05/18
\ULdepth=\dimen105
)
(/usr/local/texlive/2016/texmf-dist/tex/latex/natbib/natbib.sty
Package: natbib 2010/09/13 8.31b (PWD, AO)
\bibhang=\skip44
\bibsep=\skip45
LaTeX Info: Redefining \cite on input line 694.
\c@NAT@ctr=\count92
)
LaTeX Info: Redefining \refname on input line 264.
\seg@abstract=\box29
\c@@append=\count93
)
(/usr/local/texlive/2016/texmf-dist/tex/generic/xypic/xy.sty
(/usr/local/texlive/2016/texmf-dist/tex/generic/xypic/xy.tex Bootstrap'ing:
catcodes, docmode,
(/usr/local/texlive/2016/texmf-dist/tex/generic/xypic/xyrecat.tex)
(/usr/local/texlive/2016/texmf-dist/tex/generic/xypic/xyidioms.tex)

 Xy-pic version 3.8.9 <2013/10/06>
 Copyright (c) 1991-2013 by Kristoffer H. Rose <krisrose@tug.org> and others
 Xy-pic is free software: see the User's Guide for details.

Loading kernel: messages; fonts; allocations: state,
\X@c=\dimen106
\Y@c=\dimen107
\U@c=\dimen108
\D@c=\dimen109
\L@c=\dimen110
\R@c=\dimen111
\Edge@c=\toks17
\X@p=\dimen112
\Y@p=\dimen113
\U@p=\dimen114
\D@p=\dimen115
\L@p=\dimen116
\R@p=\dimen117
\Edge@p=\toks18
\X@origin=\dimen118
\Y@origin=\dimen119
\X@xbase=\dimen120
\Y@xbase=\dimen121
\X@ybase=\dimen122
\Y@ybase=\dimen123
\X@min=\dimen124
\Y@min=\dimen125
\X@max=\dimen126
\Y@max=\dimen127
\lastobjectbox@=\box30
\zerodotbox@=\box31
\almostz@=\dimen128
 direction,
\d@X=\dimen129
\d@Y=\dimen130
\K@=\count94
\KK@=\count95
\Direction=\count96
\K@dXdY=\dimen131
\K@dYdX=\dimen132
\xyread@=\read2
\xywrite@=\write3
\csp@=\count97
\quotPTK@=\dimen133

utility macros; pictures: \xy, positions,
\swaptoks@@=\toks19
\connectobjectbox@@=\box32
 objects,
\styletoks@=\toks20
 decorations;
kernel objects: directionals, circles, text; options; algorithms: directions,
edges, connections;  Xy-pic loaded)
(/usr/local/texlive/2016/texmf-dist/tex/generic/oberdiek/ifpdf.sty
Package: ifpdf 2016/05/14 v3.1 Provides the ifpdf switch
)
Package: xy 2013/10/06 Xy-pic version 3.8.9

(/usr/local/texlive/2016/texmf-dist/tex/generic/xypic/xypdf.tex
 Xy-pic option: PDF driver v.1.7 loaded))
(/usr/local/texlive/2016/texmf-dist/tex/latex/graphics/graphicx.sty
Package: graphicx 2014/10/28 v1.0g Enhanced LaTeX Graphics (DPC,SPQR)

(/usr/local/texlive/2016/texmf-dist/tex/latex/graphics/keyval.sty
Package: keyval 2014/10/28 v1.15 key=value parser (DPC)
\KV@toks@=\toks21
)
(/usr/local/texlive/2016/texmf-dist/tex/latex/graphics/graphics.sty
Package: graphics 2016/05/09 v1.0r Standard LaTeX Graphics (DPC,SPQR)

(/usr/local/texlive/2016/texmf-dist/tex/latex/graphics/trig.sty
Package: trig 2016/01/03 v1.10 sin cos tan (DPC)
)
(/usr/local/texlive/2016/texmf-dist/tex/latex/graphics-cfg/graphics.cfg
File: graphics.cfg 2016/01/02 v1.10 sample graphics configuration
)
Package graphics Info: Driver file: pdftex.def on input line 96.
)
\Gin@req@height=\dimen134
\Gin@req@width=\dimen135
)
(/usr/local/texlive/2016/texmf-dist/tex/latex/url/url.sty
\Urlmuskip=\muskip10
Package: url 2013/09/16  ver 3.4  Verb mode for urls, etc.
)
(/usr/local/texlive/2016/texmf-dist/tex/latex/rotating/rotating.sty
Package: rotating 2009/03/28 v2.16a rotated objects in LaTeX
\c@r@tfl@t=\count98
\rotFPtop=\skip46
\rotFPbot=\skip47
\rot@float@box=\box33
\rot@mess@toks=\toks22
)
(/usr/local/texlive/2016/texmf-dist/tex/latex/graphics/lscape.sty
Package: lscape 2000/10/22 v3.01 Landscape Pages (DPC)
)
(/usr/local/texlive/2016/texmf-dist/tex/latex/amsmath/amsmath.sty
Package: amsmath 2016/03/10 v2.15b AMS math features
\@mathmargin=\skip48

For additional information on amsmath, use the `?' option.
(/usr/local/texlive/2016/texmf-dist/tex/latex/amsmath/amstext.sty
Package: amstext 2000/06/29 v2.01 AMS text

(/usr/local/texlive/2016/texmf-dist/tex/latex/amsmath/amsgen.sty
File: amsgen.sty 1999/11/30 v2.0 generic functions
\@emptytoks=\toks23
\ex@=\dimen136
))
(/usr/local/texlive/2016/texmf-dist/tex/latex/amsmath/amsbsy.sty
Package: amsbsy 1999/11/29 v1.2d Bold Symbols
\pmbraise@=\dimen137
)
(/usr/local/texlive/2016/texmf-dist/tex/latex/amsmath/amsopn.sty
Package: amsopn 2016/03/08 v2.02 operator names
)
\inf@bad=\count99
LaTeX Info: Redefining \frac on input line 199.
\uproot@=\count100
\leftroot@=\count101
LaTeX Info: Redefining \overline on input line 297.
\classnum@=\count102
\DOTSCASE@=\count103
LaTeX Info: Redefining \ldots on input line 394.
LaTeX Info: Redefining \dots on input line 397.
LaTeX Info: Redefining \cdots on input line 518.
\Mathstrutbox@=\box34
\strutbox@=\box35
\big@size=\dimen138
LaTeX Font Info:    Redeclaring font encoding OML on input line 634.
LaTeX Font Info:    Redeclaring font encoding OMS on input line 635.
\macc@depth=\count104
\c@MaxMatrixCols=\count105
\dotsspace@=\muskip11
\c@parentequation=\count106
\dspbrk@lvl=\count107
\tag@help=\toks24
\row@=\count108
\column@=\count109
\maxfields@=\count110
\andhelp@=\toks25
\eqnshift@=\dimen139
\alignsep@=\dimen140
\tagshift@=\dimen141
\tagwidth@=\dimen142
\totwidth@=\dimen143
\lineht@=\dimen144
\@envbody=\toks26
\multlinegap=\skip49
\multlinetaggap=\skip50
\mathdisplay@stack=\toks27
LaTeX Info: Redefining \[ on input line 2739.
LaTeX Info: Redefining \] on input line 2740.
)
(/usr/local/texlive/2016/texmf-dist/tex/latex/jknapltx/mathrsfs.sty
Package: mathrsfs 1996/01/01 Math RSFS package v1.0 (jk)
\symrsfs=\mathgroup4
)
(/usr/local/texlive/2016/texmf-dist/tex/latex/amsfonts/amssymb.sty
Package: amssymb 2013/01/14 v3.01 AMS font symbols

(/usr/local/texlive/2016/texmf-dist/tex/latex/amsfonts/amsfonts.sty
Package: amsfonts 2013/01/14 v3.01 Basic AMSFonts support
\symAMSa=\mathgroup5
\symAMSb=\mathgroup6
LaTeX Font Info:    Overwriting math alphabet `\mathfrak' in version `bold'
(Font)                  U/euf/m/n --> U/euf/b/n on input line 106.
))
(/usr/local/texlive/2016/texmf-dist/tex/latex/algorithmicx/algpseudocode.sty
Package: algpseudocode 

(/usr/local/texlive/2016/texmf-dist/tex/latex/algorithmicx/algorithmicx.sty
Package: algorithmicx 2005/04/27 v1.2 Algorithmicx

Document Style algorithmicx 1.2 - a greatly improved `algorithmic' style
\c@ALG@line=\count111
\c@ALG@rem=\count112
\c@ALG@nested=\count113
\ALG@tlm=\skip51
\ALG@thistlm=\skip52
\c@ALG@Lnr=\count114
\c@ALG@blocknr=\count115
\c@ALG@storecount=\count116
\c@ALG@tmpcounter=\count117
\ALG@tmplength=\skip53
)
Document Style - pseudocode environments for use with the `algorithmicx' style
) (/usr/local/texlive/2016/texmf-dist/tex/latex/booktabs/booktabs.sty
Package: booktabs 2016/04/27 v1.618033 publication quality tables
\heavyrulewidth=\dimen145
\lightrulewidth=\dimen146
\cmidrulewidth=\dimen147
\belowrulesep=\dimen148
\belowbottomsep=\dimen149
\aboverulesep=\dimen150
\abovetopsep=\dimen151
\cmidrulesep=\dimen152
\cmidrulekern=\dimen153
\defaultaddspace=\dimen154
\@cmidla=\count118
\@cmidlb=\count119
\@aboverulesep=\dimen155
\@belowrulesep=\dimen156
\@thisruleclass=\count120
\@lastruleclass=\count121
\@thisrulewidth=\dimen157
)
(/usr/local/texlive/2016/texmf-dist/tex/latex/pgf/frontendlayer/tikz.sty
(/usr/local/texlive/2016/texmf-dist/tex/latex/pgf/basiclayer/pgf.sty
(/usr/local/texlive/2016/texmf-dist/tex/latex/pgf/utilities/pgfrcs.sty
(/usr/local/texlive/2016/texmf-dist/tex/generic/pgf/utilities/pgfutil-common.te
x
\pgfutil@everybye=\toks28
\pgfutil@tempdima=\dimen158
\pgfutil@tempdimb=\dimen159

(/usr/local/texlive/2016/texmf-dist/tex/generic/pgf/utilities/pgfutil-common-li
sts.tex))
(/usr/local/texlive/2016/texmf-dist/tex/generic/pgf/utilities/pgfutil-latex.def
\pgfutil@abb=\box36
(/usr/local/texlive/2016/texmf-dist/tex/latex/ms/everyshi.sty
Package: everyshi 2001/05/15 v3.00 EveryShipout Package (MS)
))
(/usr/local/texlive/2016/texmf-dist/tex/generic/pgf/utilities/pgfrcs.code.tex
Package: pgfrcs 2015/08/07 v3.0.1a (rcs-revision 1.31)
))
Package: pgf 2015/08/07 v3.0.1a (rcs-revision 1.15)
(/usr/local/texlive/2016/texmf-dist/tex/latex/pgf/basiclayer/pgfcore.sty
(/usr/local/texlive/2016/texmf-dist/tex/latex/pgf/systemlayer/pgfsys.sty
(/usr/local/texlive/2016/texmf-dist/tex/generic/pgf/systemlayer/pgfsys.code.tex
Package: pgfsys 2014/07/09 v3.0.1a (rcs-revision 1.48)
(/usr/local/texlive/2016/texmf-dist/tex/generic/pgf/utilities/pgfkeys.code.tex
\pgfkeys@pathtoks=\toks29
\pgfkeys@temptoks=\toks30

(/usr/local/texlive/2016/texmf-dist/tex/generic/pgf/utilities/pgfkeysfiltered.c
ode.tex
\pgfkeys@tmptoks=\toks31
))
\pgf@x=\dimen160
\pgf@y=\dimen161
\pgf@xa=\dimen162
\pgf@ya=\dimen163
\pgf@xb=\dimen164
\pgf@yb=\dimen165
\pgf@xc=\dimen166
\pgf@yc=\dimen167
\w@pgf@writea=\write4
\r@pgf@reada=\read3
\c@pgf@counta=\count122
\c@pgf@countb=\count123
\c@pgf@countc=\count124
\c@pgf@countd=\count125
\t@pgf@toka=\toks32
\t@pgf@tokb=\toks33
\t@pgf@tokc=\toks34

(/usr/local/texlive/2016/texmf-dist/tex/generic/pgf/systemlayer/pgf.cfg
File: pgf.cfg 2008/05/14  (rcs-revision 1.7)
)
Driver file for pgf: pgfsys-pdftex.def

(/usr/local/texlive/2016/texmf-dist/tex/generic/pgf/systemlayer/pgfsys-pdftex.d
ef
File: pgfsys-pdftex.def 2014/10/11  (rcs-revision 1.35)

(/usr/local/texlive/2016/texmf-dist/tex/generic/pgf/systemlayer/pgfsys-common-p
df.def
File: pgfsys-common-pdf.def 2013/10/10  (rcs-revision 1.13)
)))
(/usr/local/texlive/2016/texmf-dist/tex/generic/pgf/systemlayer/pgfsyssoftpath.
code.tex
File: pgfsyssoftpath.code.tex 2013/09/09  (rcs-revision 1.9)
\pgfsyssoftpath@smallbuffer@items=\count126
\pgfsyssoftpath@bigbuffer@items=\count127
)
(/usr/local/texlive/2016/texmf-dist/tex/generic/pgf/systemlayer/pgfsysprotocol.
code.tex
File: pgfsysprotocol.code.tex 2006/10/16  (rcs-revision 1.4)
)) (/usr/local/texlive/2016/texmf-dist/tex/latex/xcolor/xcolor.sty
Package: xcolor 2016/05/11 v2.12 LaTeX color extensions (UK)

(/usr/local/texlive/2016/texmf-dist/tex/latex/graphics-cfg/color.cfg
File: color.cfg 2016/01/02 v1.6 sample color configuration
)
Package xcolor Info: Driver file: pdftex.def on input line 225.
LaTeX Info: Redefining \color on input line 709.
Package xcolor Info: Model `cmy' substituted by `cmy0' on input line 1348.
Package xcolor Info: Model `hsb' substituted by `rgb' on input line 1352.
Package xcolor Info: Model `RGB' extended on input line 1364.
Package xcolor Info: Model `HTML' substituted by `rgb' on input line 1366.
Package xcolor Info: Model `Hsb' substituted by `hsb' on input line 1367.
Package xcolor Info: Model `tHsb' substituted by `hsb' on input line 1368.
Package xcolor Info: Model `HSB' substituted by `hsb' on input line 1369.
Package xcolor Info: Model `Gray' substituted by `gray' on input line 1370.
Package xcolor Info: Model `wave' substituted by `hsb' on input line 1371.
)
(/usr/local/texlive/2016/texmf-dist/tex/generic/pgf/basiclayer/pgfcore.code.tex
Package: pgfcore 2010/04/11 v3.0.1a (rcs-revision 1.7)
(/usr/local/texlive/2016/texmf-dist/tex/generic/pgf/math/pgfmath.code.tex
(/usr/local/texlive/2016/texmf-dist/tex/generic/pgf/math/pgfmathcalc.code.tex
(/usr/local/texlive/2016/texmf-dist/tex/generic/pgf/math/pgfmathutil.code.tex)
(/usr/local/texlive/2016/texmf-dist/tex/generic/pgf/math/pgfmathparser.code.tex
\pgfmath@dimen=\dimen168
\pgfmath@count=\count128
\pgfmath@box=\box37
\pgfmath@toks=\toks35
\pgfmath@stack@operand=\toks36
\pgfmath@stack@operation=\toks37
)
(/usr/local/texlive/2016/texmf-dist/tex/generic/pgf/math/pgfmathfunctions.code.
tex
(/usr/local/texlive/2016/texmf-dist/tex/generic/pgf/math/pgfmathfunctions.basic
.code.tex)
(/usr/local/texlive/2016/texmf-dist/tex/generic/pgf/math/pgfmathfunctions.trigo
nometric.code.tex)
(/usr/local/texlive/2016/texmf-dist/tex/generic/pgf/math/pgfmathfunctions.rando
m.code.tex)
(/usr/local/texlive/2016/texmf-dist/tex/generic/pgf/math/pgfmathfunctions.compa
rison.code.tex)
(/usr/local/texlive/2016/texmf-dist/tex/generic/pgf/math/pgfmathfunctions.base.
code.tex)
(/usr/local/texlive/2016/texmf-dist/tex/generic/pgf/math/pgfmathfunctions.round
.code.tex)
(/usr/local/texlive/2016/texmf-dist/tex/generic/pgf/math/pgfmathfunctions.misc.
code.tex)
(/usr/local/texlive/2016/texmf-dist/tex/generic/pgf/math/pgfmathfunctions.integ
erarithmetics.code.tex)))
(/usr/local/texlive/2016/texmf-dist/tex/generic/pgf/math/pgfmathfloat.code.tex
\c@pgfmathroundto@lastzeros=\count129
))
(/usr/local/texlive/2016/texmf-dist/tex/generic/pgf/basiclayer/pgfcorepoints.co
de.tex
File: pgfcorepoints.code.tex 2013/10/07  (rcs-revision 1.27)
\pgf@picminx=\dimen169
\pgf@picmaxx=\dimen170
\pgf@picminy=\dimen171
\pgf@picmaxy=\dimen172
\pgf@pathminx=\dimen173
\pgf@pathmaxx=\dimen174
\pgf@pathminy=\dimen175
\pgf@pathmaxy=\dimen176
\pgf@xx=\dimen177
\pgf@xy=\dimen178
\pgf@yx=\dimen179
\pgf@yy=\dimen180
\pgf@zx=\dimen181
\pgf@zy=\dimen182
)
(/usr/local/texlive/2016/texmf-dist/tex/generic/pgf/basiclayer/pgfcorepathconst
ruct.code.tex
File: pgfcorepathconstruct.code.tex 2013/10/07  (rcs-revision 1.29)
\pgf@path@lastx=\dimen183
\pgf@path@lasty=\dimen184
)
(/usr/local/texlive/2016/texmf-dist/tex/generic/pgf/basiclayer/pgfcorepathusage
.code.tex
File: pgfcorepathusage.code.tex 2014/11/02  (rcs-revision 1.24)
\pgf@shorten@end@additional=\dimen185
\pgf@shorten@start@additional=\dimen186
)
(/usr/local/texlive/2016/texmf-dist/tex/generic/pgf/basiclayer/pgfcorescopes.co
de.tex
File: pgfcorescopes.code.tex 2015/05/08  (rcs-revision 1.46)
\pgfpic=\box38
\pgf@hbox=\box39
\pgf@layerbox@main=\box40
\pgf@picture@serial@count=\count130
)
(/usr/local/texlive/2016/texmf-dist/tex/generic/pgf/basiclayer/pgfcoregraphicst
ate.code.tex
File: pgfcoregraphicstate.code.tex 2014/11/02  (rcs-revision 1.12)
\pgflinewidth=\dimen187
)
(/usr/local/texlive/2016/texmf-dist/tex/generic/pgf/basiclayer/pgfcoretransform
ations.code.tex
File: pgfcoretransformations.code.tex 2015/08/07  (rcs-revision 1.20)
\pgf@pt@x=\dimen188
\pgf@pt@y=\dimen189
\pgf@pt@temp=\dimen190
)
(/usr/local/texlive/2016/texmf-dist/tex/generic/pgf/basiclayer/pgfcorequick.cod
e.tex
File: pgfcorequick.code.tex 2008/10/09  (rcs-revision 1.3)
)
(/usr/local/texlive/2016/texmf-dist/tex/generic/pgf/basiclayer/pgfcoreobjects.c
ode.tex
File: pgfcoreobjects.code.tex 2006/10/11  (rcs-revision 1.2)
)
(/usr/local/texlive/2016/texmf-dist/tex/generic/pgf/basiclayer/pgfcorepathproce
ssing.code.tex
File: pgfcorepathprocessing.code.tex 2013/09/09  (rcs-revision 1.9)
)
(/usr/local/texlive/2016/texmf-dist/tex/generic/pgf/basiclayer/pgfcorearrows.co
de.tex
File: pgfcorearrows.code.tex 2015/05/14  (rcs-revision 1.43)
\pgfarrowsep=\dimen191
)
(/usr/local/texlive/2016/texmf-dist/tex/generic/pgf/basiclayer/pgfcoreshade.cod
e.tex
File: pgfcoreshade.code.tex 2013/07/15  (rcs-revision 1.15)
\pgf@max=\dimen192
\pgf@sys@shading@range@num=\count131
)
(/usr/local/texlive/2016/texmf-dist/tex/generic/pgf/basiclayer/pgfcoreimage.cod
e.tex
File: pgfcoreimage.code.tex 2013/07/15  (rcs-revision 1.18)

(/usr/local/texlive/2016/texmf-dist/tex/generic/pgf/basiclayer/pgfcoreexternal.
code.tex
File: pgfcoreexternal.code.tex 2014/07/09  (rcs-revision 1.21)
\pgfexternal@startupbox=\box41
))
(/usr/local/texlive/2016/texmf-dist/tex/generic/pgf/basiclayer/pgfcorelayers.co
de.tex
File: pgfcorelayers.code.tex 2013/07/18  (rcs-revision 1.7)
)
(/usr/local/texlive/2016/texmf-dist/tex/generic/pgf/basiclayer/pgfcoretranspare
ncy.code.tex
File: pgfcoretransparency.code.tex 2013/09/30  (rcs-revision 1.5)
)
(/usr/local/texlive/2016/texmf-dist/tex/generic/pgf/basiclayer/pgfcorepatterns.
code.tex
File: pgfcorepatterns.code.tex 2013/11/07  (rcs-revision 1.5)
)))
(/usr/local/texlive/2016/texmf-dist/tex/generic/pgf/modules/pgfmoduleshapes.cod
e.tex
File: pgfmoduleshapes.code.tex 2014/03/21  (rcs-revision 1.35)
\pgfnodeparttextbox=\box42
)
(/usr/local/texlive/2016/texmf-dist/tex/generic/pgf/modules/pgfmoduleplot.code.
tex
File: pgfmoduleplot.code.tex 2015/08/03  (rcs-revision 1.13)
)
(/usr/local/texlive/2016/texmf-dist/tex/latex/pgf/compatibility/pgfcomp-version
-0-65.sty
Package: pgfcomp-version-0-65 2007/07/03 v3.0.1a (rcs-revision 1.7)
\pgf@nodesepstart=\dimen193
\pgf@nodesepend=\dimen194
)
(/usr/local/texlive/2016/texmf-dist/tex/latex/pgf/compatibility/pgfcomp-version
-1-18.sty
Package: pgfcomp-version-1-18 2007/07/23 v3.0.1a (rcs-revision 1.1)
))
(/usr/local/texlive/2016/texmf-dist/tex/latex/pgf/utilities/pgffor.sty
(/usr/local/texlive/2016/texmf-dist/tex/latex/pgf/utilities/pgfkeys.sty
(/usr/local/texlive/2016/texmf-dist/tex/generic/pgf/utilities/pgfkeys.code.tex)
) (/usr/local/texlive/2016/texmf-dist/tex/latex/pgf/math/pgfmath.sty
(/usr/local/texlive/2016/texmf-dist/tex/generic/pgf/math/pgfmath.code.tex))
(/usr/local/texlive/2016/texmf-dist/tex/generic/pgf/utilities/pgffor.code.tex
Package: pgffor 2013/12/13 v3.0.1a (rcs-revision 1.25)

(/usr/local/texlive/2016/texmf-dist/tex/generic/pgf/math/pgfmath.code.tex)
\pgffor@iter=\dimen195
\pgffor@skip=\dimen196
\pgffor@stack=\toks38
\pgffor@toks=\toks39
))
(/usr/local/texlive/2016/texmf-dist/tex/generic/pgf/frontendlayer/tikz/tikz.cod
e.tex
Package: tikz 2015/08/07 v3.0.1a (rcs-revision 1.151)

(/usr/local/texlive/2016/texmf-dist/tex/generic/pgf/libraries/pgflibraryplothan
dlers.code.tex
File: pgflibraryplothandlers.code.tex 2013/08/31 v3.0.1a (rcs-revision 1.20)
\pgf@plot@mark@count=\count132
\pgfplotmarksize=\dimen197
)
\tikz@lastx=\dimen198
\tikz@lasty=\dimen199
\tikz@lastxsaved=\dimen256
\tikz@lastysaved=\dimen257
\tikzleveldistance=\dimen258
\tikzsiblingdistance=\dimen259
\tikz@figbox=\box43
\tikz@figbox@bg=\box44
\tikz@tempbox=\box45
\tikz@tempbox@bg=\box46
\tikztreelevel=\count133
\tikznumberofchildren=\count134
\tikznumberofcurrentchild=\count135
\tikz@fig@count=\count136

(/usr/local/texlive/2016/texmf-dist/tex/generic/pgf/modules/pgfmodulematrix.cod
e.tex
File: pgfmodulematrix.code.tex 2013/09/17  (rcs-revision 1.8)
\pgfmatrixcurrentrow=\count137
\pgfmatrixcurrentcolumn=\count138
\pgf@matrix@numberofcolumns=\count139
)
\tikz@expandcount=\count140

(/usr/local/texlive/2016/texmf-dist/tex/generic/pgf/frontendlayer/tikz/librarie
s/tikzlibrarytopaths.code.tex
File: tikzlibrarytopaths.code.tex 2008/06/17 v3.0.1a (rcs-revision 1.2)
)))
(/usr/local/texlive/2016/texmf-dist/tex/generic/pgf/frontendlayer/tikz/librarie
s/tikzlibrarymatrix.code.tex
File: tikzlibrarymatrix.code.tex 2013/07/12 v3.0.1a (rcs-revision 1.4)
)
(/usr/local/texlive/2016/texmf-dist/tex/latex/algorithm2e/algorithm2e.sty
Package: algorithm2e 2013/01/06 v5.00 algorithms environments
\c@AlgoLine=\count141
\algocf@hangindent=\skip54
\c@postalgo=\count142

(/usr/local/texlive/2016/texmf-dist/tex/latex/tools/xspace.sty
Package: xspace 2014/10/28 v1.13 Space after command names (DPC,MH)
)
(/usr/local/texlive/2016/texmf-dist/tex/latex/endfloat/endfloat.sty
Package: endfloat 2011/12/25 v2.5d LaTeX2e package puts figures and tables at e
nd (jdm)
\c@postfigure=\count143
\efloat@postfff=\write5
\@ef@fffopen=\count144
\c@posttable=\count145
\efloat@postttt=\write6
\@ef@tttopen=\count146
)
(/usr/local/texlive/2016/texmf-dist/tex/latex/relsize/relsize.sty
Package: relsize 2013/03/29 ver 4.1
)
********************************************************
Package `algorithm2e' Release 5.1 -- october 19 2015 --
- algorithm2e-announce@lirmm.fr mailing list for announcement about releases
- algorithm2e-discussion@lirmm.fr mailing list for discussion about package
subscribe by emailing sympa@lirmm.fr with 'subscribe <list> <firstname name>'
- Author: Christophe Fiorio (christophe.fiorio@umontpellier.fr)
********************************************************
\skiptotal=\skip55
\skiplinenumber=\skip56
\skiprule=\skip57
\skiphlne=\skip58
\skiptext=\skip59
\skiplength=\skip60
\algomargin=\skip61
\skipalgocfslide=\skip62
\algowidth=\dimen260
\inoutsize=\dimen261
\inoutindent=\dimen262
\interspacetitleruled=\dimen263
\interspacealgoruled=\dimen264
\interspacetitleboxruled=\dimen265
\algocf@ruledwidth=\skip63
\algocf@inoutbox=\box47
\algocf@inputbox=\box48
\AlCapSkip=\skip64
\AlCapHSkip=\skip65
\algoskipindent=\skip66
\algocf@nlbox=\box49
\algocf@hangingbox=\box50
\algocf@untilbox=\box51
\algocf@skipuntil=\skip67
\algocf@capbox=\box52
\algoheightruledefault=\skip68
\algoheightrule=\skip69
\algotitleheightruledefault=\skip70
\algotitleheightrule=\skip71
\c@algocfline=\count147
\c@algocfproc=\count148
\c@algocf=\count149
\algocf@algoframe=\box53
\algocf@algobox=\box54
) (/usr/local/texlive/2016/texmf-dist/tex/latex/mathtools/mathtools.sty
Package: mathtools 2015/11/12 v1.18 mathematical typesetting tools

(/usr/local/texlive/2016/texmf-dist/tex/latex/tools/calc.sty
Package: calc 2014/10/28 v4.3 Infix arithmetic (KKT,FJ)
\calc@Acount=\count150
\calc@Bcount=\count151
\calc@Adimen=\dimen266
\calc@Bdimen=\dimen267
\calc@Askip=\skip72
\calc@Bskip=\skip73
LaTeX Info: Redefining \setlength on input line 80.
LaTeX Info: Redefining \addtolength on input line 81.
\calc@Ccount=\count152
\calc@Cskip=\skip74
)
(/usr/local/texlive/2016/texmf-dist/tex/latex/mathtools/mhsetup.sty
Package: mhsetup 2010/01/21 v1.2a programming setup (MH)
)
LaTeX Info: Thecontrolsequence`\('isalreadyrobust on input line 129.
LaTeX Info: Thecontrolsequence`\)'isalreadyrobust on input line 129.
LaTeX Info: Thecontrolsequence`\['isalreadyrobust on input line 129.
LaTeX Info: Thecontrolsequence`\]'isalreadyrobust on input line 129.
\g_MT_multlinerow_int=\count153
\l_MT_multwidth_dim=\dimen268
\origjot=\skip75
\l_MT_shortvdotswithinadjustabove_dim=\dimen269
\l_MT_shortvdotswithinadjustbelow_dim=\dimen270
\l_MT_above_intertext_sep=\dimen271
\l_MT_below_intertext_sep=\dimen272
\l_MT_above_shortintertext_sep=\dimen273
\l_MT_below_shortintertext_sep=\dimen274
)
LaTeX Font Info:    Redeclaring math alphabet \mathbfcal on input line 35.
LaTeX Font Info:    Overwriting math alphabet `\mathbfcal' in version `normal'
(Font)                  OMS/cmsy/b/n --> OMS/cmsy/b/n on input line 35.
LaTeX Font Info:    Overwriting math alphabet `\mathbfcal' in version `bold'
(Font)                  OMS/cmsy/b/n --> OMS/cmsy/b/n on input line 35.

(./paper.aux

LaTeX Warning: Label `sum' multiply defined.

)
\openout1 = `paper.aux'.

LaTeX Font Info:    Checking defaults for OML/cmm/m/it on input line 38.
LaTeX Font Info:    ... okay on input line 38.
LaTeX Font Info:    Checking defaults for T1/cmr/m/n on input line 38.
LaTeX Font Info:    ... okay on input line 38.
LaTeX Font Info:    Checking defaults for OT1/cmr/m/n on input line 38.
LaTeX Font Info:    ... okay on input line 38.
LaTeX Font Info:    Checking defaults for OMS/cmsy/m/n on input line 38.
LaTeX Font Info:    ... okay on input line 38.
LaTeX Font Info:    Checking defaults for OMX/cmex/m/n on input line 38.
LaTeX Font Info:    ... okay on input line 38.
LaTeX Font Info:    Checking defaults for U/cmr/m/n on input line 38.
LaTeX Font Info:    ... okay on input line 38.
 (/usr/local/texlive/2016/texmf-dist/tex/context/base/mkii/supp-pdf.mkii
[Loading MPS to PDF converter (version 2006.09.02).]
\scratchcounter=\count154
\scratchdimen=\dimen275
\scratchbox=\box55
\nofMPsegments=\count155
\nofMParguments=\count156
\everyMPshowfont=\toks40
\MPscratchCnt=\count157
\MPscratchDim=\dimen276
\MPnumerator=\count158
\makeMPintoPDFobject=\count159
\everyMPtoPDFconversion=\toks41
)
LaTeX Font Info:    Try loading font information for U+rsfs on input line 38.
 (/usr/local/texlive/2016/texmf-dist/tex/latex/jknapltx/ursfs.fd
File: ursfs.fd 1998/03/24 rsfs font definition file (jk)
)
LaTeX Font Info:    Try loading font information for U+msa on input line 38.

(/usr/local/texlive/2016/texmf-dist/tex/latex/amsfonts/umsa.fd
File: umsa.fd 2013/01/14 v3.01 AMS symbols A
)
LaTeX Font Info:    Try loading font information for U+msb on input line 38.

(/usr/local/texlive/2016/texmf-dist/tex/latex/amsfonts/umsb.fd
File: umsb.fd 2013/01/14 v3.01 AMS symbols B
)
Package xypdf Info: Line width: 0.43799pt on input line 38.

(/usr/local/texlive/2016/texmf-dist/tex/generic/oberdiek/pdftexcmds.sty
Package: pdftexcmds 2016/05/10 v0.21 Utility functions of pdfTeX for LuaTeX (HO
)

(/usr/local/texlive/2016/texmf-dist/tex/generic/oberdiek/ifluatex.sty
Package: ifluatex 2016/05/16 v1.4 Provides the ifluatex switch (HO)
Package ifluatex Info: LuaTeX not detected.
)
Package pdftexcmds Info: LuaTeX not detected.
Package pdftexcmds Info: \pdf@primitive is available.
Package pdftexcmds Info: \pdf@ifprimitive is available.
Package pdftexcmds Info: \pdfdraftmode found.
)
(/usr/local/texlive/2016/texmf-dist/tex/latex/oberdiek/epstopdf-base.sty
Package: epstopdf-base 2016/05/15 v2.6 Base part for package epstopdf

(/usr/local/texlive/2016/texmf-dist/tex/latex/oberdiek/grfext.sty
Package: grfext 2016/05/16 v1.2 Manage graphics extensions (HO)

(/usr/local/texlive/2016/texmf-dist/tex/generic/oberdiek/kvdefinekeys.sty
Package: kvdefinekeys 2016/05/16 v1.4 Define keys (HO)
))
(/usr/local/texlive/2016/texmf-dist/tex/latex/oberdiek/kvoptions.sty
Package: kvoptions 2016/05/16 v3.12 Key value format for package options (HO)

(/usr/local/texlive/2016/texmf-dist/tex/generic/oberdiek/kvsetkeys.sty
Package: kvsetkeys 2016/05/16 v1.17 Key value parser (HO)

(/usr/local/texlive/2016/texmf-dist/tex/generic/oberdiek/etexcmds.sty
Package: etexcmds 2016/05/16 v1.6 Avoid name clashes with e-TeX commands (HO)
Package etexcmds Info: Could not find \expanded.
(etexcmds)             That can mean that you are not using pdfTeX 1.50 or
(etexcmds)             that some package has redefined \expanded.
(etexcmds)             In the latter case, load this package earlier.
)))
Package grfext Info: Graphics extension search list:
(grfext)             [.pdf,.eps]
(grfext)             \AppendGraphicsExtensions on input line 456.

(/usr/local/texlive/2016/texmf-dist/tex/latex/latexconfig/epstopdf-sys.cfg
File: epstopdf-sys.cfg 2010/07/13 v1.3 Configuration of (r)epstopdf for TeX Liv
e
))
ABD: EveryShipout initializing macros
LaTeX Font Info:    Try loading font information for OMS+cmr on input line 56.

(/usr/local/texlive/2016/texmf-dist/tex/latex/base/omscmr.fd
File: omscmr.fd 2014/09/29 v2.5h Standard LaTeX font definitions
)
LaTeX Font Info:    Font shape `OMS/cmr/m/n' in size <8> not available
(Font)              Font shape `OMS/cmsy/m/n' tried instead on input line 56.
 [1

{/usr/local/texlive/2016/texmf-var/fonts/map/pdftex/updmap/pdftex.map}] [2]
Overfull \hbox (48.01541pt too wide) detected at line 188
[][] \OML/cmm/m/it/10.95 x[]\OT1/cmr/m/n/10.95 (\OML/cmm/m/it/10.95 t\OT1/cmr/m
/n/10.95 )\OML/cmm/m/it/10.95 e[]dt \OT1/cmr/m/n/10.95 = [][] [][] \OML/cmm/m/i
t/10.95 dt \OT1/cmr/m/n/10.95 = [][] [][] \OML/cmm/m/it/10.95 dt \OT1/cmr/m/n/1
0.95 = [][] = \OML/cmm/m/it/10.95 X[]\OT1/cmr/m/n/10.95 (\OMS/cmsy/m/n/10.95 ^^
@\OML/cmm/m/it/10.95 !\OT1/cmr/m/n/10.95 )
 []

[3]
Overfull \hbox (22.9549pt too wide) in paragraph at lines 206--209
\OT1/cmr/m/n/10.95 A cir-cu-lant ma-trix is fully spec-i-fied by its first col-
umn $\OT1/cmr/bx/n/10.95 c \OT1/cmr/m/n/10.95 = [][]$,
 []

[4]
Overfull \hbox (32.23477pt too wide) in paragraph at lines 275--277
[]\OT1/cmr/m/n/10.95 Let's con-sider an-other Toeplitz ma-trix built from a vec
-tor $\OT1/cmr/bx/n/10.95 c \OT1/cmr/m/n/10.95 = []$
 []


Overfull \hbox (89.77634pt too wide) in paragraph at lines 315--316
\OT1/cmr/m/n/10.95 The above cir-cu-lant ma-trix is called $\OT1/cmr/bx/n/10.95
 C[]$\OT1/cmr/m/n/10.95 . We can cre-ate a new vec-tor $[] = [][]$,
 []

[5] [6] [7] [8] [9] [10] (./paper.bbl [11])
AED endfloat: Processing end Figures and Tables [12] (./paper.aux)

LaTeX Warning: There were multiply-defined labels.

 )
(\end occurred inside a group at level 1)

### simple group (level 1) entered at line 1061 ({)
### bottom level 
Here is how much of TeX's memory you used:
 17006 strings out of 493014
 314468 string characters out of 6133351
 439827 words of memory out of 5000000
 20201 multiletter control sequences out of 15000+600000
 12716 words of font info for 51 fonts, out of 8000000 for 9000
 1141 hyphenation exceptions out of 8191
 55i,18n,70p,838b,3265s stack positions out of 5000i,500n,10000p,200000b,80000s
</usr/local/texlive/2016/texmf-dist/fonts/type1/public/amsfonts
/cm/cmbsy10.pfb></usr/local/texlive/2016/texmf-dist/fonts/type1/public/amsfonts
/cm/cmbx10.pfb></usr/local/texlive/2016/texmf-dist/fonts/type1/public/amsfonts/
cm/cmbx12.pfb></usr/local/texlive/2016/texmf-dist/fonts/type1/public/amsfonts/c
m/cmbx8.pfb></usr/local/texlive/2016/texmf-dist/fonts/type1/public/amsfonts/cm/
cmex10.pfb></usr/local/texlive/2016/texmf-dist/fonts/type1/public/amsfonts/cm/c
mmi10.pfb></usr/local/texlive/2016/texmf-dist/fonts/type1/public/amsfonts/cm/cm
mi6.pfb></usr/local/texlive/2016/texmf-dist/fonts/type1/public/amsfonts/cm/cmmi
8.pfb></usr/local/texlive/2016/texmf-dist/fonts/type1/public/amsfonts/cm/cmr10.
pfb></usr/local/texlive/2016/texmf-dist/fonts/type1/public/amsfonts/cm/cmr6.pfb
></usr/local/texlive/2016/texmf-dist/fonts/type1/public/amsfonts/cm/cmr8.pfb></
usr/local/texlive/2016/texmf-dist/fonts/type1/public/amsfonts/cm/cmsy10.pfb></u
sr/local/texlive/2016/texmf-dist/fonts/type1/public/amsfonts/cm/cmsy6.pfb></usr
/local/texlive/2016/texmf-dist/fonts/type1/public/amsfonts/cm/cmsy8.pfb></usr/l
ocal/texlive/2016/texmf-dist/fonts/type1/public/amsfonts/cm/cmti10.pfb></usr/lo
cal/texlive/2016/texmf-dist/fonts/type1/public/amsfonts/symbols/msam10.pfb></us
r/local/texlive/2016/texmf-dist/fonts/type1/public/amsfonts/symbols/msbm10.pfb>

Output written on paper.pdf (12 pages, 212290 bytes).
PDF statistics:
 114 PDF objects out of 1000 (max. 8388607)
 82 compressed objects within 1 object stream
 0 named destinations out of 1000 (max. 500000)
 13 words of extra memory for PDF output out of 10000 (max. 10000000)

